delivery-solutions/build/intermediates/manifest_merge_blame_file/debug/manifest-merger-blame-debug-report.txt
1<?xml version="1.0" encoding="utf-8"?>
2<manifest xmlns:android="http://schemas.android.com/apk/res/android"
3    package="com.example.delivery_solutions"
4    android:versionCode="1"
5    android:versionName="1.0" >
6
7    <uses-sdk
8        android:minSdkVersion="16"
8-->src/main/AndroidManifest.xml
9        android:targetSdkVersion="30" />
9-->src/main/AndroidManifest.xml
10
11    <application android:usesCleartextTraffic="true" >
11-->src/main/AndroidManifest.xml:5:5-13:19
11-->src/main/AndroidManifest.xml:5:18-53
12        <activity
12-->src/main/AndroidManifest.xml:6:9-8:72
13            android:name="com.example.delivery_solutions.GeoActivity"
13-->src/main/AndroidManifest.xml:7:13-40
14            android:theme="@style/Theme.AppCompat.Light.NoActionBar" />
14-->src/main/AndroidManifest.xml:8:13-69
15
16        <meta-data
16-->src/main/AndroidManifest.xml:10:9-12:96
17            android:name="com.transistorsoft.locationmanager.license"
17-->src/main/AndroidManifest.xml:11:13-70
18            android:value="42626c4f3d3658762f673b35c92f43467d2944f789c4a32559f37c26eef89608" />
18-->src/main/AndroidManifest.xml:12:13-93
19    </application>
20
21</manifest>